{"C:\\Users\\Gregory de Souza\\Desktop\\projetos\\toolsWeb3\\web3-protochain\\protochain\\src\\lib\\block.ts": {"path":"C:\\Users\\Gregory de Souza\\Desktop\\projetos\\toolsWeb3\\web3-protochain\\protochain\\src\\lib\\block.ts","all":false,"statementMap":{"0":{"start":{"line":1,"column":0},"end":{"line":1,"column":38}},"1":{"start":{"line":2,"column":0},"end":{"line":2,"column":36}},"2":{"start":{"line":3,"column":0},"end":{"line":3,"column":38}},"3":{"start":{"line":4,"column":0},"end":{"line":4,"column":0}},"4":{"start":{"line":5,"column":0},"end":{"line":5,"column":28}},"5":{"start":{"line":6,"column":0},"end":{"line":6,"column":16}},"6":{"start":{"line":7,"column":0},"end":{"line":7,"column":20}},"7":{"start":{"line":8,"column":0},"end":{"line":8,"column":15}},"8":{"start":{"line":9,"column":0},"end":{"line":9,"column":23}},"9":{"start":{"line":10,"column":0},"end":{"line":10,"column":15}},"10":{"start":{"line":11,"column":0},"end":{"line":11,"column":16}},"11":{"start":{"line":12,"column":0},"end":{"line":12,"column":16}},"12":{"start":{"line":13,"column":0},"end":{"line":13,"column":0}},"13":{"start":{"line":14,"column":0},"end":{"line":14,"column":30}},"14":{"start":{"line":15,"column":0},"end":{"line":15,"column":35}},"15":{"start":{"line":16,"column":0},"end":{"line":16,"column":52}},"16":{"start":{"line":17,"column":0},"end":{"line":17,"column":50}},"17":{"start":{"line":18,"column":0},"end":{"line":18,"column":34}},"18":{"start":{"line":19,"column":0},"end":{"line":19,"column":35}},"19":{"start":{"line":20,"column":0},"end":{"line":20,"column":36}},"20":{"start":{"line":21,"column":0},"end":{"line":21,"column":46}},"21":{"start":{"line":22,"column":0},"end":{"line":22,"column":3}},"22":{"start":{"line":23,"column":0},"end":{"line":23,"column":0}},"23":{"start":{"line":24,"column":0},"end":{"line":24,"column":21}},"24":{"start":{"line":25,"column":0},"end":{"line":25,"column":116}},"25":{"start":{"line":26,"column":0},"end":{"line":26,"column":3}},"26":{"start":{"line":27,"column":0},"end":{"line":27,"column":0}},"27":{"start":{"line":28,"column":0},"end":{"line":28,"column":5}},"28":{"start":{"line":29,"column":0},"end":{"line":29,"column":33}},"29":{"start":{"line":30,"column":0},"end":{"line":30,"column":5}},"30":{"start":{"line":31,"column":0},"end":{"line":31,"column":43}},"31":{"start":{"line":32,"column":0},"end":{"line":32,"column":23}},"32":{"start":{"line":33,"column":0},"end":{"line":33,"column":55}},"33":{"start":{"line":34,"column":0},"end":{"line":34,"column":0}},"34":{"start":{"line":35,"column":0},"end":{"line":35,"column":8}},"35":{"start":{"line":36,"column":0},"end":{"line":36,"column":19}},"36":{"start":{"line":37,"column":0},"end":{"line":37,"column":33}},"37":{"start":{"line":38,"column":0},"end":{"line":38,"column":44}},"38":{"start":{"line":39,"column":0},"end":{"line":39,"column":3}},"39":{"start":{"line":40,"column":0},"end":{"line":40,"column":0}},"40":{"start":{"line":41,"column":0},"end":{"line":41,"column":5}},"41":{"start":{"line":42,"column":0},"end":{"line":42,"column":24}},"42":{"start":{"line":43,"column":0},"end":{"line":43,"column":43}},"43":{"start":{"line":44,"column":0},"end":{"line":44,"column":5}},"44":{"start":{"line":45,"column":0},"end":{"line":45,"column":88}},"45":{"start":{"line":46,"column":0},"end":{"line":46,"column":89}},"46":{"start":{"line":47,"column":0},"end":{"line":47,"column":66}},"47":{"start":{"line":48,"column":0},"end":{"line":48,"column":79}},"48":{"start":{"line":49,"column":0},"end":{"line":49,"column":99}},"49":{"start":{"line":50,"column":0},"end":{"line":50,"column":78}},"50":{"start":{"line":51,"column":0},"end":{"line":51,"column":0}},"51":{"start":{"line":52,"column":0},"end":{"line":52,"column":55}},"52":{"start":{"line":53,"column":0},"end":{"line":53,"column":117}},"53":{"start":{"line":54,"column":0},"end":{"line":54,"column":0}},"54":{"start":{"line":55,"column":0},"end":{"line":55,"column":28}},"55":{"start":{"line":56,"column":0},"end":{"line":56,"column":3}},"56":{"start":{"line":57,"column":0},"end":{"line":57,"column":0}},"57":{"start":{"line":58,"column":0},"end":{"line":58,"column":49}},"58":{"start":{"line":59,"column":0},"end":{"line":59,"column":53}},"59":{"start":{"line":60,"column":0},"end":{"line":60,"column":30}},"60":{"start":{"line":61,"column":0},"end":{"line":61,"column":34}},"61":{"start":{"line":62,"column":0},"end":{"line":62,"column":48}},"62":{"start":{"line":63,"column":0},"end":{"line":63,"column":32}},"63":{"start":{"line":64,"column":0},"end":{"line":64,"column":17}},"64":{"start":{"line":65,"column":0},"end":{"line":65,"column":3}},"65":{"start":{"line":66,"column":0},"end":{"line":66,"column":1}}},"s":{"0":1,"1":1,"2":1,"3":1,"4":1,"5":1,"6":1,"7":1,"8":1,"9":1,"10":1,"11":1,"12":1,"13":1,"14":10,"15":10,"16":10,"17":10,"18":10,"19":10,"20":10,"21":10,"22":1,"23":1,"24":17,"25":17,"26":1,"27":1,"28":1,"29":1,"30":1,"31":3,"32":3,"33":3,"34":3,"35":3,"36":3,"37":3,"38":3,"39":1,"40":1,"41":1,"42":1,"43":1,"44":1,"45":9,"46":9,"47":9,"48":9,"49":9,"50":3,"51":3,"52":9,"53":2,"54":2,"55":2,"56":1,"57":1,"58":1,"59":1,"60":1,"61":1,"62":1,"63":1,"64":1,"65":1},"branchMap":{"0":{"type":"branch","line":14,"loc":{"start":{"line":14,"column":2},"end":{"line":22,"column":3}},"locations":[{"start":{"line":14,"column":2},"end":{"line":22,"column":3}}]},"1":{"type":"branch","line":15,"loc":{"start":{"line":15,"column":22},"end":{"line":15,"column":24}},"locations":[{"start":{"line":15,"column":22},"end":{"line":15,"column":24}}]},"2":{"type":"branch","line":15,"loc":{"start":{"line":15,"column":22},"end":{"line":15,"column":29}},"locations":[{"start":{"line":15,"column":22},"end":{"line":15,"column":29}}]},"3":{"type":"branch","line":15,"loc":{"start":{"line":15,"column":29},"end":{"line":15,"column":34}},"locations":[{"start":{"line":15,"column":29},"end":{"line":15,"column":34}}]},"4":{"type":"branch","line":16,"loc":{"start":{"line":16,"column":26},"end":{"line":16,"column":28}},"locations":[{"start":{"line":16,"column":26},"end":{"line":16,"column":28}}]},"5":{"type":"branch","line":16,"loc":{"start":{"line":16,"column":26},"end":{"line":16,"column":37}},"locations":[{"start":{"line":16,"column":26},"end":{"line":16,"column":37}}]},"6":{"type":"branch","line":17,"loc":{"start":{"line":17,"column":29},"end":{"line":17,"column":31}},"locations":[{"start":{"line":17,"column":29},"end":{"line":17,"column":31}}]},"7":{"type":"branch","line":17,"loc":{"start":{"line":17,"column":29},"end":{"line":17,"column":43}},"locations":[{"start":{"line":17,"column":29},"end":{"line":17,"column":43}}]},"8":{"type":"branch","line":17,"loc":{"start":{"line":17,"column":43},"end":{"line":17,"column":49}},"locations":[{"start":{"line":17,"column":43},"end":{"line":17,"column":49}}]},"9":{"type":"branch","line":18,"loc":{"start":{"line":18,"column":21},"end":{"line":18,"column":23}},"locations":[{"start":{"line":18,"column":21},"end":{"line":18,"column":23}}]},"10":{"type":"branch","line":18,"loc":{"start":{"line":18,"column":21},"end":{"line":18,"column":27}},"locations":[{"start":{"line":18,"column":21},"end":{"line":18,"column":27}}]},"11":{"type":"branch","line":18,"loc":{"start":{"line":18,"column":27},"end":{"line":18,"column":33}},"locations":[{"start":{"line":18,"column":27},"end":{"line":18,"column":33}}]},"12":{"type":"branch","line":19,"loc":{"start":{"line":19,"column":22},"end":{"line":19,"column":24}},"locations":[{"start":{"line":19,"column":22},"end":{"line":19,"column":24}}]},"13":{"type":"branch","line":19,"loc":{"start":{"line":19,"column":22},"end":{"line":19,"column":29}},"locations":[{"start":{"line":19,"column":22},"end":{"line":19,"column":29}}]},"14":{"type":"branch","line":20,"loc":{"start":{"line":20,"column":22},"end":{"line":20,"column":24}},"locations":[{"start":{"line":20,"column":22},"end":{"line":20,"column":24}}]},"15":{"type":"branch","line":20,"loc":{"start":{"line":20,"column":22},"end":{"line":20,"column":29}},"locations":[{"start":{"line":20,"column":22},"end":{"line":20,"column":29}}]},"16":{"type":"branch","line":21,"loc":{"start":{"line":21,"column":21},"end":{"line":21,"column":23}},"locations":[{"start":{"line":21,"column":21},"end":{"line":21,"column":23}}]},"17":{"type":"branch","line":21,"loc":{"start":{"line":21,"column":21},"end":{"line":21,"column":27}},"locations":[{"start":{"line":21,"column":21},"end":{"line":21,"column":27}}]},"18":{"type":"branch","line":24,"loc":{"start":{"line":24,"column":2},"end":{"line":26,"column":3}},"locations":[{"start":{"line":24,"column":2},"end":{"line":26,"column":3}}]},"19":{"type":"branch","line":31,"loc":{"start":{"line":31,"column":2},"end":{"line":39,"column":3}},"locations":[{"start":{"line":31,"column":2},"end":{"line":39,"column":3}}]},"20":{"type":"branch","line":45,"loc":{"start":{"line":45,"column":2},"end":{"line":56,"column":3}},"locations":[{"start":{"line":45,"column":2},"end":{"line":56,"column":3}}]},"21":{"type":"branch","line":46,"loc":{"start":{"line":46,"column":42},"end":{"line":46,"column":89}},"locations":[{"start":{"line":46,"column":42},"end":{"line":46,"column":89}}]},"22":{"type":"branch","line":47,"loc":{"start":{"line":47,"column":-2},"end":{"line":47,"column":27}},"locations":[{"start":{"line":47,"column":-2},"end":{"line":47,"column":27}}]},"23":{"type":"branch","line":47,"loc":{"start":{"line":47,"column":20},"end":{"line":47,"column":66}},"locations":[{"start":{"line":47,"column":20},"end":{"line":47,"column":66}}]},"24":{"type":"branch","line":48,"loc":{"start":{"line":48,"column":-2},"end":{"line":48,"column":35}},"locations":[{"start":{"line":48,"column":-2},"end":{"line":48,"column":35}}]},"25":{"type":"branch","line":48,"loc":{"start":{"line":48,"column":28},"end":{"line":48,"column":79}},"locations":[{"start":{"line":48,"column":28},"end":{"line":48,"column":79}}]},"26":{"type":"branch","line":49,"loc":{"start":{"line":49,"column":-2},"end":{"line":49,"column":51}},"locations":[{"start":{"line":49,"column":-2},"end":{"line":49,"column":51}}]},"27":{"type":"branch","line":49,"loc":{"start":{"line":49,"column":44},"end":{"line":49,"column":99}},"locations":[{"start":{"line":49,"column":44},"end":{"line":49,"column":99}}]},"28":{"type":"branch","line":50,"loc":{"start":{"line":50,"column":-2},"end":{"line":50,"column":23}},"locations":[{"start":{"line":50,"column":-2},"end":{"line":50,"column":23}}]},"29":{"type":"branch","line":50,"loc":{"start":{"line":50,"column":19},"end":{"line":50,"column":34}},"locations":[{"start":{"line":50,"column":19},"end":{"line":50,"column":34}}]},"30":{"type":"branch","line":50,"loc":{"start":{"line":50,"column":36},"end":{"line":50,"column":78}},"locations":[{"start":{"line":50,"column":36},"end":{"line":50,"column":78}}]},"31":{"type":"branch","line":51,"loc":{"start":{"line":51,"column":-2},"end":{"line":53,"column":40}},"locations":[{"start":{"line":51,"column":-2},"end":{"line":53,"column":40}}]},"32":{"type":"branch","line":53,"loc":{"start":{"line":53,"column":36},"end":{"line":53,"column":69}},"locations":[{"start":{"line":53,"column":36},"end":{"line":53,"column":69}}]},"33":{"type":"branch","line":53,"loc":{"start":{"line":53,"column":71},"end":{"line":53,"column":117}},"locations":[{"start":{"line":53,"column":71},"end":{"line":53,"column":117}}]},"34":{"type":"branch","line":54,"loc":{"start":{"line":54,"column":-2},"end":{"line":56,"column":3}},"locations":[{"start":{"line":54,"column":-2},"end":{"line":56,"column":3}}]},"35":{"type":"branch","line":59,"loc":{"start":{"line":59,"column":9},"end":{"line":65,"column":3}},"locations":[{"start":{"line":59,"column":9},"end":{"line":65,"column":3}}]}},"b":{"0":[10],"1":[2],"2":[8],"3":[3],"4":[2],"5":[8],"6":[2],"7":[8],"8":[3],"9":[2],"10":[8],"11":[3],"12":[2],"13":[8],"14":[2],"15":[8],"16":[2],"17":[8],"18":[17],"19":[3],"20":[9],"21":[2],"22":[7],"23":[1],"24":[6],"25":[1],"26":[5],"27":[1],"28":[4],"29":[3],"30":[1],"31":[3],"32":[2],"33":[1],"34":[2],"35":[1]},"fnMap":{"0":{"name":"Block","decl":{"start":{"line":14,"column":2},"end":{"line":22,"column":3}},"loc":{"start":{"line":14,"column":2},"end":{"line":22,"column":3}},"line":14},"1":{"name":"getHash","decl":{"start":{"line":24,"column":2},"end":{"line":26,"column":3}},"loc":{"start":{"line":24,"column":2},"end":{"line":26,"column":3}},"line":24},"2":{"name":"mine","decl":{"start":{"line":31,"column":2},"end":{"line":39,"column":3}},"loc":{"start":{"line":31,"column":2},"end":{"line":39,"column":3}},"line":31},"3":{"name":"isValid","decl":{"start":{"line":45,"column":2},"end":{"line":56,"column":3}},"loc":{"start":{"line":45,"column":2},"end":{"line":56,"column":3}},"line":45},"4":{"name":"fromBlockInfo","decl":{"start":{"line":59,"column":9},"end":{"line":65,"column":3}},"loc":{"start":{"line":59,"column":9},"end":{"line":65,"column":3}},"line":59}},"f":{"0":10,"1":17,"2":3,"3":9,"4":1}}
,"C:\\Users\\Gregory de Souza\\Desktop\\projetos\\toolsWeb3\\web3-protochain\\protochain\\src\\lib\\blockchain.ts": {"path":"C:\\Users\\Gregory de Souza\\Desktop\\projetos\\toolsWeb3\\web3-protochain\\protochain\\src\\lib\\blockchain.ts","all":false,"statementMap":{"0":{"start":{"line":1,"column":0},"end":{"line":1,"column":28}},"1":{"start":{"line":2,"column":0},"end":{"line":2,"column":36}},"2":{"start":{"line":3,"column":0},"end":{"line":3,"column":38}},"3":{"start":{"line":4,"column":0},"end":{"line":4,"column":0}},"4":{"start":{"line":5,"column":0},"end":{"line":5,"column":3}},"5":{"start":{"line":6,"column":0},"end":{"line":6,"column":33}},"6":{"start":{"line":7,"column":0},"end":{"line":7,"column":3}},"7":{"start":{"line":8,"column":0},"end":{"line":8,"column":33}},"8":{"start":{"line":9,"column":0},"end":{"line":9,"column":18}},"9":{"start":{"line":10,"column":0},"end":{"line":10,"column":24}},"10":{"start":{"line":11,"column":0},"end":{"line":11,"column":40}},"11":{"start":{"line":12,"column":0},"end":{"line":12,"column":38}},"12":{"start":{"line":13,"column":0},"end":{"line":13,"column":0}},"13":{"start":{"line":14,"column":0},"end":{"line":14,"column":17}},"14":{"start":{"line":15,"column":0},"end":{"line":15,"column":107}},"15":{"start":{"line":16,"column":0},"end":{"line":16,"column":21}},"16":{"start":{"line":17,"column":0},"end":{"line":17,"column":3}},"17":{"start":{"line":18,"column":0},"end":{"line":18,"column":0}},"18":{"start":{"line":19,"column":0},"end":{"line":19,"column":30}},"19":{"start":{"line":20,"column":0},"end":{"line":20,"column":25}},"20":{"start":{"line":21,"column":0},"end":{"line":21,"column":47}},"21":{"start":{"line":22,"column":0},"end":{"line":22,"column":3}},"22":{"start":{"line":23,"column":0},"end":{"line":23,"column":0}},"23":{"start":{"line":24,"column":0},"end":{"line":24,"column":27}},"24":{"start":{"line":25,"column":0},"end":{"line":25,"column":72}},"25":{"start":{"line":26,"column":0},"end":{"line":26,"column":3}},"26":{"start":{"line":27,"column":0},"end":{"line":27,"column":0}},"27":{"start":{"line":28,"column":0},"end":{"line":28,"column":38}},"28":{"start":{"line":29,"column":0},"end":{"line":29,"column":42}},"29":{"start":{"line":30,"column":0},"end":{"line":30,"column":0}},"30":{"start":{"line":31,"column":0},"end":{"line":31,"column":92}},"31":{"start":{"line":32,"column":0},"end":{"line":32,"column":0}},"32":{"start":{"line":33,"column":0},"end":{"line":33,"column":97}},"33":{"start":{"line":34,"column":0},"end":{"line":34,"column":28}},"34":{"start":{"line":35,"column":0},"end":{"line":35,"column":21}},"35":{"start":{"line":36,"column":0},"end":{"line":36,"column":28}},"36":{"start":{"line":37,"column":0},"end":{"line":37,"column":3}},"37":{"start":{"line":38,"column":0},"end":{"line":38,"column":0}},"38":{"start":{"line":39,"column":0},"end":{"line":39,"column":45}},"39":{"start":{"line":40,"column":0},"end":{"line":40,"column":52}},"40":{"start":{"line":41,"column":0},"end":{"line":41,"column":3}},"41":{"start":{"line":42,"column":0},"end":{"line":42,"column":0}},"42":{"start":{"line":43,"column":0},"end":{"line":43,"column":102}},"43":{"start":{"line":44,"column":0},"end":{"line":44,"column":25}},"44":{"start":{"line":45,"column":0},"end":{"line":45,"column":54}},"45":{"start":{"line":46,"column":0},"end":{"line":46,"column":42}},"46":{"start":{"line":47,"column":0},"end":{"line":47,"column":47}},"47":{"start":{"line":48,"column":0},"end":{"line":48,"column":109}},"48":{"start":{"line":49,"column":0},"end":{"line":49,"column":30}},"49":{"start":{"line":50,"column":0},"end":{"line":50,"column":99}},"50":{"start":{"line":51,"column":0},"end":{"line":51,"column":5}},"51":{"start":{"line":52,"column":0},"end":{"line":52,"column":28}},"52":{"start":{"line":53,"column":0},"end":{"line":53,"column":3}},"53":{"start":{"line":54,"column":0},"end":{"line":54,"column":0}},"54":{"start":{"line":55,"column":0},"end":{"line":55,"column":25}},"55":{"start":{"line":56,"column":0},"end":{"line":56,"column":13}},"56":{"start":{"line":57,"column":0},"end":{"line":57,"column":3}},"57":{"start":{"line":58,"column":0},"end":{"line":58,"column":0}},"58":{"start":{"line":59,"column":0},"end":{"line":59,"column":5}},"59":{"start":{"line":60,"column":0},"end":{"line":60,"column":30}},"60":{"start":{"line":61,"column":0},"end":{"line":61,"column":5}},"61":{"start":{"line":62,"column":0},"end":{"line":62,"column":29}},"62":{"start":{"line":63,"column":0},"end":{"line":63,"column":39}},"63":{"start":{"line":64,"column":0},"end":{"line":64,"column":44}},"64":{"start":{"line":65,"column":0},"end":{"line":65,"column":50}},"65":{"start":{"line":66,"column":0},"end":{"line":66,"column":37}},"66":{"start":{"line":67,"column":0},"end":{"line":67,"column":40}},"67":{"start":{"line":68,"column":0},"end":{"line":68,"column":52}},"68":{"start":{"line":69,"column":0},"end":{"line":69,"column":0}},"69":{"start":{"line":70,"column":0},"end":{"line":70,"column":12}},"70":{"start":{"line":71,"column":0},"end":{"line":71,"column":11}},"71":{"start":{"line":72,"column":0},"end":{"line":72,"column":17}},"72":{"start":{"line":73,"column":0},"end":{"line":73,"column":19}},"73":{"start":{"line":74,"column":0},"end":{"line":74,"column":12}},"74":{"start":{"line":75,"column":0},"end":{"line":75,"column":15}},"75":{"start":{"line":76,"column":0},"end":{"line":76,"column":20}},"76":{"start":{"line":77,"column":0},"end":{"line":77,"column":19}},"77":{"start":{"line":78,"column":0},"end":{"line":78,"column":3}},"78":{"start":{"line":79,"column":0},"end":{"line":79,"column":1}}},"s":{"0":1,"1":1,"2":1,"3":1,"4":1,"5":1,"6":1,"7":1,"8":1,"9":1,"10":1,"11":1,"12":1,"13":1,"14":8,"15":8,"16":8,"17":1,"18":1,"19":1,"20":5,"21":5,"22":1,"23":1,"24":7,"25":7,"26":1,"27":1,"28":4,"29":4,"30":4,"31":4,"32":4,"33":3,"34":3,"35":3,"36":3,"37":1,"38":1,"39":1,"40":1,"41":1,"42":1,"43":1,"44":3,"45":2,"46":2,"47":2,"48":2,"49":2,"50":2,"51":2,"52":2,"53":1,"54":1,"55":1,"56":1,"57":1,"58":1,"59":1,"60":1,"61":1,"62":1,"63":1,"64":1,"65":1,"66":1,"67":1,"68":1,"69":1,"70":1,"71":1,"72":1,"73":1,"74":1,"75":1,"76":1,"77":1,"78":1},"branchMap":{"0":{"type":"branch","line":14,"loc":{"start":{"line":14,"column":2},"end":{"line":17,"column":3}},"locations":[{"start":{"line":14,"column":2},"end":{"line":17,"column":3}}]},"1":{"type":"branch","line":20,"loc":{"start":{"line":20,"column":2},"end":{"line":22,"column":3}},"locations":[{"start":{"line":20,"column":2},"end":{"line":22,"column":3}}]},"2":{"type":"branch","line":24,"loc":{"start":{"line":24,"column":2},"end":{"line":26,"column":3}},"locations":[{"start":{"line":24,"column":2},"end":{"line":26,"column":3}}]},"3":{"type":"branch","line":28,"loc":{"start":{"line":28,"column":2},"end":{"line":37,"column":3}},"locations":[{"start":{"line":28,"column":2},"end":{"line":37,"column":3}}]},"4":{"type":"branch","line":33,"loc":{"start":{"line":33,"column":29},"end":{"line":33,"column":97}},"locations":[{"start":{"line":33,"column":29},"end":{"line":33,"column":97}}]},"5":{"type":"branch","line":34,"loc":{"start":{"line":34,"column":-2},"end":{"line":37,"column":3}},"locations":[{"start":{"line":34,"column":-2},"end":{"line":37,"column":3}}]},"6":{"type":"branch","line":39,"loc":{"start":{"line":39,"column":2},"end":{"line":41,"column":3}},"locations":[{"start":{"line":39,"column":2},"end":{"line":41,"column":3}}]},"7":{"type":"branch","line":40,"loc":{"start":{"line":40,"column":28},"end":{"line":40,"column":50}},"locations":[{"start":{"line":40,"column":28},"end":{"line":40,"column":50}}]},"8":{"type":"branch","line":44,"loc":{"start":{"line":44,"column":2},"end":{"line":53,"column":3}},"locations":[{"start":{"line":44,"column":2},"end":{"line":53,"column":3}}]},"9":{"type":"branch","line":45,"loc":{"start":{"line":45,"column":53},"end":{"line":53,"column":3}},"locations":[{"start":{"line":45,"column":53},"end":{"line":53,"column":3}}]},"10":{"type":"branch","line":50,"loc":{"start":{"line":50,"column":8},"end":{"line":50,"column":99}},"locations":[{"start":{"line":50,"column":8},"end":{"line":50,"column":99}}]},"11":{"type":"branch","line":55,"loc":{"start":{"line":55,"column":2},"end":{"line":57,"column":3}},"locations":[{"start":{"line":55,"column":2},"end":{"line":57,"column":3}}]},"12":{"type":"branch","line":62,"loc":{"start":{"line":62,"column":2},"end":{"line":78,"column":3}},"locations":[{"start":{"line":62,"column":2},"end":{"line":78,"column":3}}]}},"b":{"0":[8],"1":[5],"2":[7],"3":[4],"4":[1],"5":[3],"6":[1],"7":[1],"8":[3],"9":[2],"10":[1],"11":[1],"12":[1]},"fnMap":{"0":{"name":"Blockchain","decl":{"start":{"line":14,"column":2},"end":{"line":17,"column":3}},"loc":{"start":{"line":14,"column":2},"end":{"line":17,"column":3}},"line":14},"1":{"name":"getLastBlock","decl":{"start":{"line":20,"column":2},"end":{"line":22,"column":3}},"loc":{"start":{"line":20,"column":2},"end":{"line":22,"column":3}},"line":20},"2":{"name":"getDifficulty","decl":{"start":{"line":24,"column":2},"end":{"line":26,"column":3}},"loc":{"start":{"line":24,"column":2},"end":{"line":26,"column":3}},"line":24},"3":{"name":"addBlock","decl":{"start":{"line":28,"column":2},"end":{"line":37,"column":3}},"loc":{"start":{"line":28,"column":2},"end":{"line":37,"column":3}},"line":28},"4":{"name":"getBlock","decl":{"start":{"line":39,"column":2},"end":{"line":41,"column":3}},"loc":{"start":{"line":39,"column":2},"end":{"line":41,"column":3}},"line":39},"5":{"name":"isValid","decl":{"start":{"line":44,"column":2},"end":{"line":53,"column":3}},"loc":{"start":{"line":44,"column":2},"end":{"line":53,"column":3}},"line":44},"6":{"name":"getFeePerTx","decl":{"start":{"line":55,"column":2},"end":{"line":57,"column":3}},"loc":{"start":{"line":55,"column":2},"end":{"line":57,"column":3}},"line":55},"7":{"name":"getNextBlock","decl":{"start":{"line":62,"column":2},"end":{"line":78,"column":3}},"loc":{"start":{"line":62,"column":2},"end":{"line":78,"column":3}},"line":62}},"f":{"0":8,"1":5,"2":7,"3":4,"4":1,"5":3,"6":1,"7":1}}
,"C:\\Users\\Gregory de Souza\\Desktop\\projetos\\toolsWeb3\\web3-protochain\\protochain\\src\\lib\\validation.ts": {"path":"C:\\Users\\Gregory de Souza\\Desktop\\projetos\\toolsWeb3\\web3-protochain\\protochain\\src\\lib\\validation.ts","all":false,"statementMap":{"0":{"start":{"line":1,"column":0},"end":{"line":1,"column":3}},"1":{"start":{"line":2,"column":0},"end":{"line":2,"column":19}},"2":{"start":{"line":3,"column":0},"end":{"line":3,"column":3}},"3":{"start":{"line":4,"column":0},"end":{"line":4,"column":33}},"4":{"start":{"line":5,"column":0},"end":{"line":5,"column":19}},"5":{"start":{"line":6,"column":0},"end":{"line":6,"column":18}},"6":{"start":{"line":7,"column":0},"end":{"line":7,"column":0}},"7":{"start":{"line":8,"column":0},"end":{"line":8,"column":62}},"8":{"start":{"line":9,"column":0},"end":{"line":9,"column":27}},"9":{"start":{"line":10,"column":0},"end":{"line":10,"column":27}},"10":{"start":{"line":11,"column":0},"end":{"line":11,"column":3}},"11":{"start":{"line":12,"column":0},"end":{"line":12,"column":1}}},"s":{"0":1,"1":1,"2":1,"3":1,"4":1,"5":1,"6":1,"7":1,"8":25,"9":25,"10":25,"11":1},"branchMap":{"0":{"type":"branch","line":8,"loc":{"start":{"line":8,"column":2},"end":{"line":11,"column":3}},"locations":[{"start":{"line":8,"column":2},"end":{"line":11,"column":3}}]}},"b":{"0":[25]},"fnMap":{"0":{"name":"Validation","decl":{"start":{"line":8,"column":2},"end":{"line":11,"column":3}},"loc":{"start":{"line":8,"column":2},"end":{"line":11,"column":3}},"line":8}},"f":{"0":25}}
,"C:\\Users\\Gregory de Souza\\Desktop\\projetos\\toolsWeb3\\web3-protochain\\protochain\\src\\server\\blockchainServer.ts": {"path":"C:\\Users\\Gregory de Souza\\Desktop\\projetos\\toolsWeb3\\web3-protochain\\protochain\\src\\server\\blockchainServer.ts","all":false,"statementMap":{"0":{"start":{"line":1,"column":0},"end":{"line":1,"column":67}},"1":{"start":{"line":2,"column":0},"end":{"line":2,"column":28}},"2":{"start":{"line":3,"column":0},"end":{"line":3,"column":33}},"3":{"start":{"line":4,"column":0},"end":{"line":4,"column":43}},"4":{"start":{"line":5,"column":0},"end":{"line":5,"column":0}},"5":{"start":{"line":6,"column":0},"end":{"line":6,"column":26}},"6":{"start":{"line":7,"column":0},"end":{"line":7,"column":0}},"7":{"start":{"line":8,"column":0},"end":{"line":8,"column":22}},"8":{"start":{"line":9,"column":0},"end":{"line":9,"column":0}},"9":{"start":{"line":10,"column":0},"end":{"line":10,"column":21}},"10":{"start":{"line":11,"column":0},"end":{"line":11,"column":60}},"11":{"start":{"line":12,"column":0},"end":{"line":12,"column":19}},"12":{"start":{"line":13,"column":0},"end":{"line":13,"column":0}},"13":{"start":{"line":14,"column":0},"end":{"line":14,"column":24}},"14":{"start":{"line":15,"column":0},"end":{"line":15,"column":0}},"15":{"start":{"line":16,"column":0},"end":{"line":16,"column":36}},"16":{"start":{"line":17,"column":0},"end":{"line":17,"column":0}},"17":{"start":{"line":18,"column":0},"end":{"line":18,"column":73}},"18":{"start":{"line":19,"column":0},"end":{"line":19,"column":12}},"19":{"start":{"line":20,"column":0},"end":{"line":20,"column":45}},"20":{"start":{"line":21,"column":0},"end":{"line":21,"column":34}},"21":{"start":{"line":22,"column":0},"end":{"line":22,"column":41}},"22":{"start":{"line":23,"column":0},"end":{"line":23,"column":5}},"23":{"start":{"line":24,"column":0},"end":{"line":24,"column":3}},"24":{"start":{"line":25,"column":0},"end":{"line":25,"column":0}},"25":{"start":{"line":26,"column":0},"end":{"line":26,"column":78}},"26":{"start":{"line":27,"column":0},"end":{"line":27,"column":38}},"27":{"start":{"line":28,"column":0},"end":{"line":28,"column":3}},"28":{"start":{"line":29,"column":0},"end":{"line":29,"column":0}},"29":{"start":{"line":30,"column":0},"end":{"line":30,"column":17}},"30":{"start":{"line":31,"column":0},"end":{"line":31,"column":12}},"31":{"start":{"line":32,"column":0},"end":{"line":32,"column":86}},"32":{"start":{"line":33,"column":0},"end":{"line":33,"column":37}},"33":{"start":{"line":34,"column":0},"end":{"line":34,"column":12}},"34":{"start":{"line":35,"column":0},"end":{"line":35,"column":37}},"35":{"start":{"line":36,"column":0},"end":{"line":36,"column":63}},"36":{"start":{"line":37,"column":0},"end":{"line":37,"column":10}},"37":{"start":{"line":38,"column":0},"end":{"line":38,"column":55}},"38":{"start":{"line":39,"column":0},"end":{"line":39,"column":3}},"39":{"start":{"line":40,"column":0},"end":{"line":40,"column":0}},"40":{"start":{"line":41,"column":0},"end":{"line":41,"column":23}},"41":{"start":{"line":42,"column":0},"end":{"line":42,"column":15}},"42":{"start":{"line":43,"column":0},"end":{"line":43,"column":31}},"43":{"start":{"line":44,"column":0},"end":{"line":44,"column":10}},"44":{"start":{"line":45,"column":0},"end":{"line":45,"column":27}},"45":{"start":{"line":46,"column":0},"end":{"line":46,"column":3}},"46":{"start":{"line":47,"column":0},"end":{"line":47,"column":21}},"47":{"start":{"line":48,"column":0},"end":{"line":48,"column":3}},"48":{"start":{"line":49,"column":0},"end":{"line":49,"column":0}},"49":{"start":{"line":50,"column":0},"end":{"line":50,"column":25}},"50":{"start":{"line":51,"column":0},"end":{"line":51,"column":12}},"51":{"start":{"line":52,"column":0},"end":{"line":52,"column":74}},"52":{"start":{"line":53,"column":0},"end":{"line":53,"column":62}},"53":{"start":{"line":54,"column":0},"end":{"line":54,"column":0}},"54":{"start":{"line":55,"column":0},"end":{"line":55,"column":45}},"55":{"start":{"line":56,"column":0},"end":{"line":56,"column":48}},"56":{"start":{"line":57,"column":0},"end":{"line":57,"column":0}},"57":{"start":{"line":58,"column":0},"end":{"line":58,"column":27}},"58":{"start":{"line":59,"column":0},"end":{"line":59,"column":32}},"59":{"start":{"line":60,"column":0},"end":{"line":60,"column":10}},"60":{"start":{"line":61,"column":0},"end":{"line":61,"column":37}},"61":{"start":{"line":62,"column":0},"end":{"line":62,"column":3}},"62":{"start":{"line":63,"column":0},"end":{"line":63,"column":3}},"63":{"start":{"line":64,"column":0},"end":{"line":64,"column":0}},"64":{"start":{"line":65,"column":0},"end":{"line":65,"column":21}},"65":{"start":{"line":66,"column":0},"end":{"line":66,"column":35}},"66":{"start":{"line":67,"column":0},"end":{"line":67,"column":26}},"67":{"start":{"line":68,"column":0},"end":{"line":68,"column":115}},"68":{"start":{"line":69,"column":0},"end":{"line":69,"column":5}},"69":{"start":{"line":70,"column":0},"end":{"line":70,"column":19}},"70":{"start":{"line":71,"column":0},"end":{"line":71,"column":0}},"71":{"start":{"line":72,"column":0},"end":{"line":72,"column":15}},"72":{"start":{"line":73,"column":0},"end":{"line":73,"column":0}},"73":{"start":{"line":74,"column":0},"end":{"line":74,"column":0}},"74":{"start":{"line":75,"column":0},"end":{"line":75,"column":0}},"75":{"start":{"line":76,"column":0},"end":{"line":76,"column":0}},"76":{"start":{"line":77,"column":0},"end":{"line":77,"column":0}},"77":{"start":{"line":78,"column":0},"end":{"line":78,"column":0}},"78":{"start":{"line":79,"column":0},"end":{"line":79,"column":40583}}},"s":{"0":1,"1":1,"2":1,"3":1,"4":1,"5":1,"6":1,"7":1,"8":1,"9":1,"10":1,"11":1,"12":1,"13":1,"14":1,"15":1,"16":1,"17":1,"18":1,"19":1,"20":1,"21":1,"22":1,"23":1,"24":1,"25":1,"26":1,"27":1,"28":1,"29":1,"30":1,"31":1,"32":1,"33":1,"34":1,"35":1,"36":1,"37":1,"38":1,"39":1,"40":1,"41":1,"42":1,"43":1,"44":1,"45":1,"46":1,"47":1,"48":1,"49":1,"50":1,"51":1,"52":1,"53":1,"54":1,"55":1,"56":1,"57":1,"58":1,"59":1,"60":1,"61":1,"62":1,"63":1,"64":1,"65":1,"66":1,"67":1,"68":1,"69":1,"70":1,"71":1,"72":1,"73":1,"74":1,"75":1,"76":1,"77":1,"78":1},"branchMap":{"0":{"type":"branch","line":11,"loc":{"start":{"line":11,"column":36},"end":{"line":11,"column":60}},"locations":[{"start":{"line":11,"column":36},"end":{"line":11,"column":60}}]},"1":{"type":"branch","line":67,"loc":{"start":{"line":67,"column":2},"end":{"line":69,"column":5}},"locations":[{"start":{"line":67,"column":2},"end":{"line":69,"column":5}}]},"2":{"type":"branch","line":18,"loc":{"start":{"line":18,"column":19},"end":{"line":24,"column":2}},"locations":[{"start":{"line":18,"column":19},"end":{"line":24,"column":2}}]},"3":{"type":"branch","line":26,"loc":{"start":{"line":26,"column":24},"end":{"line":28,"column":2}},"locations":[{"start":{"line":26,"column":24},"end":{"line":28,"column":2}}]},"4":{"type":"branch","line":32,"loc":{"start":{"line":32,"column":32},"end":{"line":48,"column":2}},"locations":[{"start":{"line":32,"column":32},"end":{"line":48,"column":2}}]},"5":{"type":"branch","line":35,"loc":{"start":{"line":35,"column":36},"end":{"line":37,"column":3}},"locations":[{"start":{"line":35,"column":36},"end":{"line":37,"column":3}}]},"6":{"type":"branch","line":37,"loc":{"start":{"line":37,"column":3},"end":{"line":39,"column":3}},"locations":[{"start":{"line":37,"column":3},"end":{"line":39,"column":3}}]},"7":{"type":"branch","line":42,"loc":{"start":{"line":42,"column":14},"end":{"line":44,"column":3}},"locations":[{"start":{"line":42,"column":14},"end":{"line":44,"column":3}}]},"8":{"type":"branch","line":52,"loc":{"start":{"line":52,"column":20},"end":{"line":63,"column":2}},"locations":[{"start":{"line":52,"column":20},"end":{"line":63,"column":2}}]},"9":{"type":"branch","line":53,"loc":{"start":{"line":53,"column":35},"end":{"line":53,"column":62}},"locations":[{"start":{"line":53,"column":35},"end":{"line":53,"column":62}}]},"10":{"type":"branch","line":54,"loc":{"start":{"line":54,"column":-2},"end":{"line":58,"column":26}},"locations":[{"start":{"line":54,"column":-2},"end":{"line":58,"column":26}}]},"11":{"type":"branch","line":58,"loc":{"start":{"line":58,"column":26},"end":{"line":62,"column":3}},"locations":[{"start":{"line":58,"column":26},"end":{"line":62,"column":3}}]}},"b":{"0":[1],"1":[1],"2":[1],"3":[1],"4":[1],"5":[1],"6":[1],"7":[1],"8":[1],"9":[1],"10":[1],"11":[1]},"fnMap":{"0":{"name":"oo_cm","decl":{"start":{"line":79,"column":68},"end":{"line":79,"column":39679}},"loc":{"start":{"line":79,"column":68},"end":{"line":79,"column":39679}},"line":79},"1":{"name":"oo_oo","decl":{"start":{"line":79,"column":39706},"end":{"line":79,"column":39792}},"loc":{"start":{"line":79,"column":39706},"end":{"line":79,"column":39792}},"line":79},"2":{"name":"oo_tr","decl":{"start":{"line":79,"column":39825},"end":{"line":79,"column":39913}},"loc":{"start":{"line":79,"column":39825},"end":{"line":79,"column":39913}},"line":79},"3":{"name":"oo_tx","decl":{"start":{"line":79,"column":39946},"end":{"line":79,"column":40034}},"loc":{"start":{"line":79,"column":39946},"end":{"line":79,"column":40034}},"line":79},"4":{"name":"oo_ts","decl":{"start":{"line":79,"column":40067},"end":{"line":79,"column":40159}},"loc":{"start":{"line":79,"column":40067},"end":{"line":79,"column":40159}},"line":79},"5":{"name":"oo_te","decl":{"start":{"line":79,"column":40192},"end":{"line":79,"column":40309}},"loc":{"start":{"line":79,"column":40192},"end":{"line":79,"column":40309}},"line":79}},"f":{"0":1,"1":1,"2":1,"3":1,"4":1,"5":1}}
}
