{"C:\\Users\\Gregory de Souza\\Desktop\\projetos\\toolsWeb3\\web3-protochain\\protochain\\src\\lib\\block.ts": {"path":"C:\\Users\\Gregory de Souza\\Desktop\\projetos\\toolsWeb3\\web3-protochain\\protochain\\src\\lib\\block.ts","all":false,"statementMap":{"0":{"start":{"line":1,"column":0},"end":{"line":1,"column":38}},"1":{"start":{"line":2,"column":0},"end":{"line":2,"column":38}},"2":{"start":{"line":3,"column":0},"end":{"line":3,"column":0}},"3":{"start":{"line":4,"column":0},"end":{"line":4,"column":28}},"4":{"start":{"line":5,"column":0},"end":{"line":5,"column":16}},"5":{"start":{"line":6,"column":0},"end":{"line":6,"column":20}},"6":{"start":{"line":7,"column":0},"end":{"line":7,"column":15}},"7":{"start":{"line":8,"column":0},"end":{"line":8,"column":23}},"8":{"start":{"line":9,"column":0},"end":{"line":9,"column":15}},"9":{"start":{"line":10,"column":0},"end":{"line":10,"column":0}},"10":{"start":{"line":11,"column":0},"end":{"line":11,"column":30}},"11":{"start":{"line":12,"column":0},"end":{"line":12,"column":35}},"12":{"start":{"line":13,"column":0},"end":{"line":13,"column":52}},"13":{"start":{"line":14,"column":0},"end":{"line":14,"column":50}},"14":{"start":{"line":15,"column":0},"end":{"line":15,"column":34}},"15":{"start":{"line":16,"column":0},"end":{"line":16,"column":46}},"16":{"start":{"line":17,"column":0},"end":{"line":17,"column":3}},"17":{"start":{"line":18,"column":0},"end":{"line":18,"column":0}},"18":{"start":{"line":19,"column":0},"end":{"line":19,"column":21}},"19":{"start":{"line":20,"column":0},"end":{"line":20,"column":90}},"20":{"start":{"line":21,"column":0},"end":{"line":21,"column":3}},"21":{"start":{"line":22,"column":0},"end":{"line":22,"column":0}},"22":{"start":{"line":23,"column":0},"end":{"line":23,"column":5}},"23":{"start":{"line":24,"column":0},"end":{"line":24,"column":24}},"24":{"start":{"line":25,"column":0},"end":{"line":25,"column":43}},"25":{"start":{"line":26,"column":0},"end":{"line":26,"column":5}},"26":{"start":{"line":27,"column":0},"end":{"line":27,"column":68}},"27":{"start":{"line":28,"column":0},"end":{"line":28,"column":89}},"28":{"start":{"line":29,"column":0},"end":{"line":29,"column":84}},"29":{"start":{"line":30,"column":0},"end":{"line":30,"column":66}},"30":{"start":{"line":31,"column":0},"end":{"line":31,"column":79}},"31":{"start":{"line":32,"column":0},"end":{"line":32,"column":99}},"32":{"start":{"line":33,"column":0},"end":{"line":33,"column":28}},"33":{"start":{"line":34,"column":0},"end":{"line":34,"column":3}},"34":{"start":{"line":35,"column":0},"end":{"line":35,"column":1}}},"s":{"0":1,"1":1,"2":1,"3":1,"4":1,"5":1,"6":1,"7":1,"8":1,"9":1,"10":1,"11":8,"12":8,"13":8,"14":8,"15":8,"16":8,"17":1,"18":1,"19":14,"20":14,"21":1,"22":1,"23":1,"24":1,"25":1,"26":1,"27":7,"28":7,"29":7,"30":7,"31":7,"32":1,"33":1,"34":1},"branchMap":{"0":{"type":"branch","line":11,"loc":{"start":{"line":11,"column":2},"end":{"line":17,"column":3}},"locations":[{"start":{"line":11,"column":2},"end":{"line":17,"column":3}}]},"1":{"type":"branch","line":12,"loc":{"start":{"line":12,"column":22},"end":{"line":12,"column":24}},"locations":[{"start":{"line":12,"column":22},"end":{"line":12,"column":24}}]},"2":{"type":"branch","line":12,"loc":{"start":{"line":12,"column":22},"end":{"line":12,"column":29}},"locations":[{"start":{"line":12,"column":22},"end":{"line":12,"column":29}}]},"3":{"type":"branch","line":12,"loc":{"start":{"line":12,"column":29},"end":{"line":12,"column":34}},"locations":[{"start":{"line":12,"column":29},"end":{"line":12,"column":34}}]},"4":{"type":"branch","line":13,"loc":{"start":{"line":13,"column":26},"end":{"line":13,"column":28}},"locations":[{"start":{"line":13,"column":26},"end":{"line":13,"column":28}}]},"5":{"type":"branch","line":13,"loc":{"start":{"line":13,"column":26},"end":{"line":13,"column":37}},"locations":[{"start":{"line":13,"column":26},"end":{"line":13,"column":37}}]},"6":{"type":"branch","line":14,"loc":{"start":{"line":14,"column":29},"end":{"line":14,"column":31}},"locations":[{"start":{"line":14,"column":29},"end":{"line":14,"column":31}}]},"7":{"type":"branch","line":14,"loc":{"start":{"line":14,"column":29},"end":{"line":14,"column":43}},"locations":[{"start":{"line":14,"column":29},"end":{"line":14,"column":43}}]},"8":{"type":"branch","line":14,"loc":{"start":{"line":14,"column":43},"end":{"line":14,"column":49}},"locations":[{"start":{"line":14,"column":43},"end":{"line":14,"column":49}}]},"9":{"type":"branch","line":15,"loc":{"start":{"line":15,"column":21},"end":{"line":15,"column":23}},"locations":[{"start":{"line":15,"column":21},"end":{"line":15,"column":23}}]},"10":{"type":"branch","line":15,"loc":{"start":{"line":15,"column":21},"end":{"line":15,"column":27}},"locations":[{"start":{"line":15,"column":21},"end":{"line":15,"column":27}}]},"11":{"type":"branch","line":15,"loc":{"start":{"line":15,"column":27},"end":{"line":15,"column":33}},"locations":[{"start":{"line":15,"column":27},"end":{"line":15,"column":33}}]},"12":{"type":"branch","line":16,"loc":{"start":{"line":16,"column":21},"end":{"line":16,"column":23}},"locations":[{"start":{"line":16,"column":21},"end":{"line":16,"column":23}}]},"13":{"type":"branch","line":16,"loc":{"start":{"line":16,"column":21},"end":{"line":16,"column":27}},"locations":[{"start":{"line":16,"column":21},"end":{"line":16,"column":27}}]},"14":{"type":"branch","line":19,"loc":{"start":{"line":19,"column":2},"end":{"line":21,"column":3}},"locations":[{"start":{"line":19,"column":2},"end":{"line":21,"column":3}}]},"15":{"type":"branch","line":27,"loc":{"start":{"line":27,"column":2},"end":{"line":34,"column":3}},"locations":[{"start":{"line":27,"column":2},"end":{"line":34,"column":3}}]},"16":{"type":"branch","line":28,"loc":{"start":{"line":28,"column":42},"end":{"line":28,"column":89}},"locations":[{"start":{"line":28,"column":42},"end":{"line":28,"column":89}}]},"17":{"type":"branch","line":29,"loc":{"start":{"line":29,"column":-2},"end":{"line":29,"column":45}},"locations":[{"start":{"line":29,"column":-2},"end":{"line":29,"column":45}}]},"18":{"type":"branch","line":29,"loc":{"start":{"line":29,"column":38},"end":{"line":29,"column":84}},"locations":[{"start":{"line":29,"column":38},"end":{"line":29,"column":84}}]},"19":{"type":"branch","line":30,"loc":{"start":{"line":30,"column":-2},"end":{"line":30,"column":27}},"locations":[{"start":{"line":30,"column":-2},"end":{"line":30,"column":27}}]},"20":{"type":"branch","line":30,"loc":{"start":{"line":30,"column":20},"end":{"line":30,"column":66}},"locations":[{"start":{"line":30,"column":20},"end":{"line":30,"column":66}}]},"21":{"type":"branch","line":31,"loc":{"start":{"line":31,"column":-2},"end":{"line":31,"column":35}},"locations":[{"start":{"line":31,"column":-2},"end":{"line":31,"column":35}}]},"22":{"type":"branch","line":31,"loc":{"start":{"line":31,"column":28},"end":{"line":31,"column":79}},"locations":[{"start":{"line":31,"column":28},"end":{"line":31,"column":79}}]},"23":{"type":"branch","line":32,"loc":{"start":{"line":32,"column":-2},"end":{"line":32,"column":51}},"locations":[{"start":{"line":32,"column":-2},"end":{"line":32,"column":51}}]},"24":{"type":"branch","line":32,"loc":{"start":{"line":32,"column":44},"end":{"line":34,"column":3}},"locations":[{"start":{"line":32,"column":44},"end":{"line":34,"column":3}}]}},"b":{"0":[8],"1":[1],"2":[7],"3":[2],"4":[1],"5":[7],"6":[1],"7":[7],"8":[2],"9":[1],"10":[7],"11":[2],"12":[1],"13":[7],"14":[14],"15":[7],"16":[2],"17":[5],"18":[1],"19":[4],"20":[1],"21":[3],"22":[1],"23":[2],"24":[1]},"fnMap":{"0":{"name":"Block","decl":{"start":{"line":11,"column":2},"end":{"line":17,"column":3}},"loc":{"start":{"line":11,"column":2},"end":{"line":17,"column":3}},"line":11},"1":{"name":"getHash","decl":{"start":{"line":19,"column":2},"end":{"line":21,"column":3}},"loc":{"start":{"line":19,"column":2},"end":{"line":21,"column":3}},"line":19},"2":{"name":"isValid","decl":{"start":{"line":27,"column":2},"end":{"line":34,"column":3}},"loc":{"start":{"line":27,"column":2},"end":{"line":34,"column":3}},"line":27}},"f":{"0":8,"1":14,"2":7}}
,"C:\\Users\\Gregory de Souza\\Desktop\\projetos\\toolsWeb3\\web3-protochain\\protochain\\src\\lib\\blockchain.ts": {"path":"C:\\Users\\Gregory de Souza\\Desktop\\projetos\\toolsWeb3\\web3-protochain\\protochain\\src\\lib\\blockchain.ts","all":false,"statementMap":{"0":{"start":{"line":1,"column":0},"end":{"line":1,"column":28}},"1":{"start":{"line":2,"column":0},"end":{"line":2,"column":38}},"2":{"start":{"line":3,"column":0},"end":{"line":3,"column":0}},"3":{"start":{"line":4,"column":0},"end":{"line":4,"column":3}},"4":{"start":{"line":5,"column":0},"end":{"line":5,"column":33}},"5":{"start":{"line":6,"column":0},"end":{"line":6,"column":3}},"6":{"start":{"line":7,"column":0},"end":{"line":7,"column":33}},"7":{"start":{"line":8,"column":0},"end":{"line":8,"column":18}},"8":{"start":{"line":9,"column":0},"end":{"line":9,"column":24}},"9":{"start":{"line":10,"column":0},"end":{"line":10,"column":0}},"10":{"start":{"line":11,"column":0},"end":{"line":11,"column":17}},"11":{"start":{"line":12,"column":0},"end":{"line":12,"column":107}},"12":{"start":{"line":13,"column":0},"end":{"line":13,"column":21}},"13":{"start":{"line":14,"column":0},"end":{"line":14,"column":3}},"14":{"start":{"line":15,"column":0},"end":{"line":15,"column":0}},"15":{"start":{"line":16,"column":0},"end":{"line":16,"column":30}},"16":{"start":{"line":17,"column":0},"end":{"line":17,"column":25}},"17":{"start":{"line":18,"column":0},"end":{"line":18,"column":47}},"18":{"start":{"line":19,"column":0},"end":{"line":19,"column":3}},"19":{"start":{"line":20,"column":0},"end":{"line":20,"column":0}},"20":{"start":{"line":21,"column":0},"end":{"line":21,"column":38}},"21":{"start":{"line":22,"column":0},"end":{"line":22,"column":42}},"22":{"start":{"line":23,"column":0},"end":{"line":23,"column":0}},"23":{"start":{"line":24,"column":0},"end":{"line":24,"column":70}},"24":{"start":{"line":25,"column":0},"end":{"line":25,"column":0}},"25":{"start":{"line":26,"column":0},"end":{"line":26,"column":97}},"26":{"start":{"line":27,"column":0},"end":{"line":27,"column":28}},"27":{"start":{"line":28,"column":0},"end":{"line":28,"column":21}},"28":{"start":{"line":29,"column":0},"end":{"line":29,"column":28}},"29":{"start":{"line":30,"column":0},"end":{"line":30,"column":3}},"30":{"start":{"line":31,"column":0},"end":{"line":31,"column":0}},"31":{"start":{"line":32,"column":0},"end":{"line":32,"column":45}},"32":{"start":{"line":33,"column":0},"end":{"line":33,"column":52}},"33":{"start":{"line":34,"column":0},"end":{"line":34,"column":3}},"34":{"start":{"line":35,"column":0},"end":{"line":35,"column":0}},"35":{"start":{"line":36,"column":0},"end":{"line":36,"column":102}},"36":{"start":{"line":37,"column":0},"end":{"line":37,"column":25}},"37":{"start":{"line":38,"column":0},"end":{"line":38,"column":54}},"38":{"start":{"line":39,"column":0},"end":{"line":39,"column":42}},"39":{"start":{"line":40,"column":0},"end":{"line":40,"column":47}},"40":{"start":{"line":41,"column":0},"end":{"line":41,"column":87}},"41":{"start":{"line":42,"column":0},"end":{"line":42,"column":30}},"42":{"start":{"line":43,"column":0},"end":{"line":43,"column":99}},"43":{"start":{"line":44,"column":0},"end":{"line":44,"column":5}},"44":{"start":{"line":45,"column":0},"end":{"line":45,"column":28}},"45":{"start":{"line":46,"column":0},"end":{"line":46,"column":3}},"46":{"start":{"line":47,"column":0},"end":{"line":47,"column":1}}},"s":{"0":1,"1":1,"2":1,"3":1,"4":1,"5":1,"6":1,"7":1,"8":1,"9":1,"10":1,"11":7,"12":7,"13":7,"14":1,"15":1,"16":1,"17":4,"18":4,"19":1,"20":1,"21":4,"22":4,"23":4,"24":4,"25":4,"26":3,"27":3,"28":3,"29":3,"30":1,"31":1,"32":1,"33":1,"34":1,"35":1,"36":1,"37":3,"38":2,"39":2,"40":2,"41":2,"42":2,"43":2,"44":2,"45":2,"46":1},"branchMap":{"0":{"type":"branch","line":11,"loc":{"start":{"line":11,"column":2},"end":{"line":14,"column":3}},"locations":[{"start":{"line":11,"column":2},"end":{"line":14,"column":3}}]},"1":{"type":"branch","line":17,"loc":{"start":{"line":17,"column":2},"end":{"line":19,"column":3}},"locations":[{"start":{"line":17,"column":2},"end":{"line":19,"column":3}}]},"2":{"type":"branch","line":21,"loc":{"start":{"line":21,"column":2},"end":{"line":30,"column":3}},"locations":[{"start":{"line":21,"column":2},"end":{"line":30,"column":3}}]},"3":{"type":"branch","line":26,"loc":{"start":{"line":26,"column":29},"end":{"line":26,"column":97}},"locations":[{"start":{"line":26,"column":29},"end":{"line":26,"column":97}}]},"4":{"type":"branch","line":27,"loc":{"start":{"line":27,"column":-2},"end":{"line":30,"column":3}},"locations":[{"start":{"line":27,"column":-2},"end":{"line":30,"column":3}}]},"5":{"type":"branch","line":32,"loc":{"start":{"line":32,"column":2},"end":{"line":34,"column":3}},"locations":[{"start":{"line":32,"column":2},"end":{"line":34,"column":3}}]},"6":{"type":"branch","line":33,"loc":{"start":{"line":33,"column":28},"end":{"line":33,"column":50}},"locations":[{"start":{"line":33,"column":28},"end":{"line":33,"column":50}}]},"7":{"type":"branch","line":37,"loc":{"start":{"line":37,"column":2},"end":{"line":46,"column":3}},"locations":[{"start":{"line":37,"column":2},"end":{"line":46,"column":3}}]},"8":{"type":"branch","line":38,"loc":{"start":{"line":38,"column":53},"end":{"line":46,"column":3}},"locations":[{"start":{"line":38,"column":53},"end":{"line":46,"column":3}}]},"9":{"type":"branch","line":43,"loc":{"start":{"line":43,"column":8},"end":{"line":43,"column":99}},"locations":[{"start":{"line":43,"column":8},"end":{"line":43,"column":99}}]}},"b":{"0":[7],"1":[4],"2":[4],"3":[1],"4":[3],"5":[1],"6":[1],"7":[3],"8":[2],"9":[1]},"fnMap":{"0":{"name":"Blockchain","decl":{"start":{"line":11,"column":2},"end":{"line":14,"column":3}},"loc":{"start":{"line":11,"column":2},"end":{"line":14,"column":3}},"line":11},"1":{"name":"getLastBlock","decl":{"start":{"line":17,"column":2},"end":{"line":19,"column":3}},"loc":{"start":{"line":17,"column":2},"end":{"line":19,"column":3}},"line":17},"2":{"name":"addBlock","decl":{"start":{"line":21,"column":2},"end":{"line":30,"column":3}},"loc":{"start":{"line":21,"column":2},"end":{"line":30,"column":3}},"line":21},"3":{"name":"getBlock","decl":{"start":{"line":32,"column":2},"end":{"line":34,"column":3}},"loc":{"start":{"line":32,"column":2},"end":{"line":34,"column":3}},"line":32},"4":{"name":"isValid","decl":{"start":{"line":37,"column":2},"end":{"line":46,"column":3}},"loc":{"start":{"line":37,"column":2},"end":{"line":46,"column":3}},"line":37}},"f":{"0":7,"1":4,"2":4,"3":1,"4":3}}
,"C:\\Users\\Gregory de Souza\\Desktop\\projetos\\toolsWeb3\\web3-protochain\\protochain\\src\\lib\\validation.ts": {"path":"C:\\Users\\Gregory de Souza\\Desktop\\projetos\\toolsWeb3\\web3-protochain\\protochain\\src\\lib\\validation.ts","all":false,"statementMap":{"0":{"start":{"line":1,"column":0},"end":{"line":1,"column":3}},"1":{"start":{"line":2,"column":0},"end":{"line":2,"column":19}},"2":{"start":{"line":3,"column":0},"end":{"line":3,"column":3}},"3":{"start":{"line":4,"column":0},"end":{"line":4,"column":33}},"4":{"start":{"line":5,"column":0},"end":{"line":5,"column":19}},"5":{"start":{"line":6,"column":0},"end":{"line":6,"column":18}},"6":{"start":{"line":7,"column":0},"end":{"line":7,"column":0}},"7":{"start":{"line":8,"column":0},"end":{"line":8,"column":62}},"8":{"start":{"line":9,"column":0},"end":{"line":9,"column":27}},"9":{"start":{"line":10,"column":0},"end":{"line":10,"column":27}},"10":{"start":{"line":11,"column":0},"end":{"line":11,"column":3}},"11":{"start":{"line":12,"column":0},"end":{"line":12,"column":1}}},"s":{"0":1,"1":1,"2":1,"3":1,"4":1,"5":1,"6":1,"7":1,"8":23,"9":23,"10":23,"11":1},"branchMap":{"0":{"type":"branch","line":8,"loc":{"start":{"line":8,"column":2},"end":{"line":11,"column":3}},"locations":[{"start":{"line":8,"column":2},"end":{"line":11,"column":3}}]}},"b":{"0":[23]},"fnMap":{"0":{"name":"Validation","decl":{"start":{"line":8,"column":2},"end":{"line":11,"column":3}},"loc":{"start":{"line":8,"column":2},"end":{"line":11,"column":3}},"line":8}},"f":{"0":23}}
,"C:\\Users\\Gregory de Souza\\Desktop\\projetos\\toolsWeb3\\web3-protochain\\protochain\\src\\server\\blockchainServer.ts": {"path":"C:\\Users\\Gregory de Souza\\Desktop\\projetos\\toolsWeb3\\web3-protochain\\protochain\\src\\server\\blockchainServer.ts","all":false,"statementMap":{"0":{"start":{"line":1,"column":0},"end":{"line":1,"column":67}},"1":{"start":{"line":2,"column":0},"end":{"line":2,"column":28}},"2":{"start":{"line":3,"column":0},"end":{"line":3,"column":33}},"3":{"start":{"line":4,"column":0},"end":{"line":4,"column":43}},"4":{"start":{"line":5,"column":0},"end":{"line":5,"column":0}},"5":{"start":{"line":6,"column":0},"end":{"line":6,"column":26}},"6":{"start":{"line":7,"column":0},"end":{"line":7,"column":0}},"7":{"start":{"line":8,"column":0},"end":{"line":8,"column":22}},"8":{"start":{"line":9,"column":0},"end":{"line":9,"column":0}},"9":{"start":{"line":10,"column":0},"end":{"line":10,"column":60}},"10":{"start":{"line":11,"column":0},"end":{"line":11,"column":0}},"11":{"start":{"line":12,"column":0},"end":{"line":12,"column":24}},"12":{"start":{"line":13,"column":0},"end":{"line":13,"column":0}},"13":{"start":{"line":14,"column":0},"end":{"line":14,"column":36}},"14":{"start":{"line":15,"column":0},"end":{"line":15,"column":0}},"15":{"start":{"line":16,"column":0},"end":{"line":16,"column":73}},"16":{"start":{"line":17,"column":0},"end":{"line":17,"column":12}},"17":{"start":{"line":18,"column":0},"end":{"line":18,"column":45}},"18":{"start":{"line":19,"column":0},"end":{"line":19,"column":34}},"19":{"start":{"line":20,"column":0},"end":{"line":20,"column":41}},"20":{"start":{"line":21,"column":0},"end":{"line":21,"column":5}},"21":{"start":{"line":22,"column":0},"end":{"line":22,"column":3}},"22":{"start":{"line":23,"column":0},"end":{"line":23,"column":0}},"23":{"start":{"line":24,"column":0},"end":{"line":24,"column":17}},"24":{"start":{"line":25,"column":0},"end":{"line":25,"column":12}},"25":{"start":{"line":26,"column":0},"end":{"line":26,"column":86}},"26":{"start":{"line":27,"column":0},"end":{"line":27,"column":37}},"27":{"start":{"line":28,"column":0},"end":{"line":28,"column":12}},"28":{"start":{"line":29,"column":0},"end":{"line":29,"column":37}},"29":{"start":{"line":30,"column":0},"end":{"line":30,"column":63}},"30":{"start":{"line":31,"column":0},"end":{"line":31,"column":10}},"31":{"start":{"line":32,"column":0},"end":{"line":32,"column":55}},"32":{"start":{"line":33,"column":0},"end":{"line":33,"column":3}},"33":{"start":{"line":34,"column":0},"end":{"line":34,"column":0}},"34":{"start":{"line":35,"column":0},"end":{"line":35,"column":15}},"35":{"start":{"line":36,"column":0},"end":{"line":36,"column":31}},"36":{"start":{"line":37,"column":0},"end":{"line":37,"column":10}},"37":{"start":{"line":38,"column":0},"end":{"line":38,"column":27}},"38":{"start":{"line":39,"column":0},"end":{"line":39,"column":3}},"39":{"start":{"line":40,"column":0},"end":{"line":40,"column":3}},"40":{"start":{"line":41,"column":0},"end":{"line":41,"column":0}},"41":{"start":{"line":42,"column":0},"end":{"line":42,"column":25}},"42":{"start":{"line":43,"column":0},"end":{"line":43,"column":12}},"43":{"start":{"line":44,"column":0},"end":{"line":44,"column":74}},"44":{"start":{"line":45,"column":0},"end":{"line":45,"column":62}},"45":{"start":{"line":46,"column":0},"end":{"line":46,"column":0}},"46":{"start":{"line":47,"column":0},"end":{"line":47,"column":45}},"47":{"start":{"line":48,"column":0},"end":{"line":48,"column":48}},"48":{"start":{"line":49,"column":0},"end":{"line":49,"column":0}},"49":{"start":{"line":50,"column":0},"end":{"line":50,"column":27}},"50":{"start":{"line":51,"column":0},"end":{"line":51,"column":32}},"51":{"start":{"line":52,"column":0},"end":{"line":52,"column":10}},"52":{"start":{"line":53,"column":0},"end":{"line":53,"column":37}},"53":{"start":{"line":54,"column":0},"end":{"line":54,"column":3}},"54":{"start":{"line":55,"column":0},"end":{"line":55,"column":3}},"55":{"start":{"line":56,"column":0},"end":{"line":56,"column":0}},"56":{"start":{"line":57,"column":0},"end":{"line":57,"column":35}},"57":{"start":{"line":58,"column":0},"end":{"line":58,"column":26}},"58":{"start":{"line":59,"column":0},"end":{"line":59,"column":60}},"59":{"start":{"line":60,"column":0},"end":{"line":60,"column":5}},"60":{"start":{"line":61,"column":0},"end":{"line":61,"column":0}},"61":{"start":{"line":62,"column":0},"end":{"line":62,"column":15}}},"s":{"0":1,"1":1,"2":1,"3":1,"4":1,"5":1,"6":1,"7":1,"8":1,"9":1,"10":1,"11":1,"12":1,"13":1,"14":1,"15":1,"16":1,"17":1,"18":1,"19":1,"20":1,"21":1,"22":1,"23":1,"24":1,"25":1,"26":3,"27":3,"28":3,"29":1,"30":3,"31":2,"32":2,"33":3,"34":3,"35":0,"36":3,"37":3,"38":3,"39":1,"40":1,"41":1,"42":1,"43":1,"44":3,"45":2,"46":2,"47":2,"48":2,"49":3,"50":1,"51":1,"52":1,"53":1,"54":1,"55":1,"56":1,"57":1,"58":0,"59":0,"60":1,"61":1},"branchMap":{"0":{"type":"branch","line":10,"loc":{"start":{"line":10,"column":36},"end":{"line":10,"column":60}},"locations":[{"start":{"line":10,"column":36},"end":{"line":10,"column":60}}]},"1":{"type":"branch","line":58,"loc":{"start":{"line":58,"column":2},"end":{"line":60,"column":5}},"locations":[{"start":{"line":58,"column":2},"end":{"line":60,"column":5}}]},"2":{"type":"branch","line":16,"loc":{"start":{"line":16,"column":19},"end":{"line":22,"column":2}},"locations":[{"start":{"line":16,"column":19},"end":{"line":22,"column":2}}]},"3":{"type":"branch","line":26,"loc":{"start":{"line":26,"column":32},"end":{"line":40,"column":2}},"locations":[{"start":{"line":26,"column":32},"end":{"line":40,"column":2}}]},"4":{"type":"branch","line":29,"loc":{"start":{"line":29,"column":36},"end":{"line":31,"column":3}},"locations":[{"start":{"line":29,"column":36},"end":{"line":31,"column":3}}]},"5":{"type":"branch","line":31,"loc":{"start":{"line":31,"column":3},"end":{"line":33,"column":3}},"locations":[{"start":{"line":31,"column":3},"end":{"line":33,"column":3}}]},"6":{"type":"branch","line":35,"loc":{"start":{"line":35,"column":14},"end":{"line":37,"column":3}},"locations":[{"start":{"line":35,"column":14},"end":{"line":37,"column":3}}]},"7":{"type":"branch","line":44,"loc":{"start":{"line":44,"column":20},"end":{"line":55,"column":2}},"locations":[{"start":{"line":44,"column":20},"end":{"line":55,"column":2}}]},"8":{"type":"branch","line":45,"loc":{"start":{"line":45,"column":35},"end":{"line":45,"column":62}},"locations":[{"start":{"line":45,"column":35},"end":{"line":45,"column":62}}]},"9":{"type":"branch","line":46,"loc":{"start":{"line":46,"column":-2},"end":{"line":50,"column":26}},"locations":[{"start":{"line":46,"column":-2},"end":{"line":50,"column":26}}]},"10":{"type":"branch","line":50,"loc":{"start":{"line":50,"column":26},"end":{"line":54,"column":3}},"locations":[{"start":{"line":50,"column":26},"end":{"line":54,"column":3}}]}},"b":{"0":[0],"1":[0],"2":[1],"3":[3],"4":[1],"5":[2],"6":[0],"7":[3],"8":[1],"9":[2],"10":[1]},"fnMap":{},"f":{}}
}
