TN:
SF:src\lib\block.ts
FN:11,Block
FN:19,getHash
FN:27,isValid
FNF:3
FNH:3
FNDA:19,Block
FNDA:30,getHash
FNDA:13,isValid
DA:1,1
DA:2,1
DA:3,1
DA:4,1
DA:5,1
DA:6,1
DA:7,1
DA:8,1
DA:9,1
DA:10,1
DA:11,1
DA:12,19
DA:13,19
DA:14,19
DA:15,19
DA:16,19
DA:17,19
DA:18,1
DA:19,1
DA:20,30
DA:21,30
DA:22,1
DA:23,1
DA:24,1
DA:25,1
DA:26,1
DA:27,1
DA:28,13
DA:29,13
DA:30,13
DA:31,13
DA:32,13
DA:33,5
DA:34,5
DA:35,1
LF:35
LH:35
BRDA:11,0,0,19
BRDA:12,1,0,1
BRDA:12,2,0,18
BRDA:12,3,0,9
BRDA:13,4,0,1
BRDA:13,5,0,18
BRDA:14,6,0,1
BRDA:14,7,0,18
BRDA:14,8,0,9
BRDA:15,9,0,1
BRDA:15,10,0,18
BRDA:15,11,0,2
BRDA:16,12,0,1
BRDA:16,13,0,18
BRDA:19,14,0,30
BRDA:27,15,0,13
BRDA:28,16,0,3
BRDA:29,17,0,10
BRDA:29,18,0,2
BRDA:30,19,0,8
BRDA:30,20,0,1
BRDA:31,21,0,7
BRDA:31,22,0,1
BRDA:32,23,0,6
BRDA:32,24,0,7
BRDA:32,25,0,1
BRDA:33,26,0,5
BRF:27
BRH:27
end_of_record
TN:
SF:src\lib\blockchain.ts
FN:11,Blockchain
FN:17,getLastBlock
FN:21,addBlock
FN:32,getBlock
FN:37,isValid
FNF:5
FNH:5
FNDA:7,Blockchain
FNDA:4,getLastBlock
FNDA:4,addBlock
FNDA:1,getBlock
FNDA:3,isValid
DA:1,1
DA:2,1
DA:3,1
DA:4,1
DA:5,1
DA:6,1
DA:7,1
DA:8,1
DA:9,1
DA:10,1
DA:11,1
DA:12,7
DA:13,7
DA:14,7
DA:15,1
DA:16,1
DA:17,1
DA:18,4
DA:19,4
DA:20,1
DA:21,1
DA:22,4
DA:23,4
DA:24,4
DA:25,4
DA:26,4
DA:27,3
DA:28,3
DA:29,3
DA:30,3
DA:31,1
DA:32,1
DA:33,1
DA:34,1
DA:35,1
DA:36,1
DA:37,1
DA:38,3
DA:39,2
DA:40,2
DA:41,2
DA:42,2
DA:43,2
DA:44,2
DA:45,2
DA:46,2
DA:47,1
LF:47
LH:47
BRDA:11,0,0,7
BRDA:17,1,0,4
BRDA:21,2,0,4
BRDA:26,3,0,1
BRDA:27,4,0,3
BRDA:32,5,0,1
BRDA:33,6,0,1
BRDA:37,7,0,3
BRDA:38,8,0,2
BRDA:43,9,0,1
BRF:10
BRH:10
end_of_record
TN:
SF:src\lib\validation.ts
FN:8,Validation
FNF:1
FNH:1
FNDA:20,Validation
DA:1,1
DA:2,1
DA:3,1
DA:4,1
DA:5,1
DA:6,1
DA:7,1
DA:8,1
DA:9,20
DA:10,20
DA:11,20
DA:12,1
LF:12
LH:12
BRDA:8,0,0,20
BRF:1
BRH:1
end_of_record
