TN:
SF:src\lib\block.ts
FN:10,Block
FN:18,getHash
FN:22,isValid
FNF:3
FNH:3
FNDA:7,Block
FNDA:7,getHash
FNDA:6,isValid
DA:1,1
DA:2,1
DA:3,1
DA:4,1
DA:5,1
DA:6,1
DA:7,1
DA:8,1
DA:9,1
DA:10,1
DA:11,7
DA:12,7
DA:13,7
DA:14,7
DA:15,7
DA:16,7
DA:17,1
DA:18,1
DA:19,7
DA:20,7
DA:21,1
DA:22,1
DA:23,6
DA:24,6
DA:25,6
DA:26,6
DA:27,6
DA:28,1
DA:29,1
DA:30,1
LF:30
LH:30
BRDA:10,0,0,7
BRDA:18,1,0,7
BRDA:22,2,0,6
BRDA:23,3,0,1
BRDA:24,4,0,5
BRDA:24,5,0,1
BRDA:25,6,0,4
BRDA:25,7,0,1
BRDA:26,8,0,3
BRDA:26,9,0,1
BRDA:27,10,0,2
BRDA:27,11,0,1
BRF:12
BRH:12
end_of_record
TN:
SF:src\lib\blockchain.ts
FN:9,Blockchain
FNF:1
FNH:1
FNDA:1,Blockchain
DA:1,1
DA:2,1
DA:3,1
DA:4,1
DA:5,1
DA:6,1
DA:7,1
DA:8,1
DA:9,1
DA:10,1
DA:11,1
DA:12,1
LF:12
LH:12
BRDA:9,0,0,1
BRF:1
BRH:1
end_of_record
